> Task :compileJava UP-TO-DATE
> Task :processResources UP-TO-DATE
> Task :classes UP-TO-DATE
> Task :compileTestJava UP-TO-DATE
> Task :processTestResources UP-TO-DATE
> Task :testClasses UP-TO-DATE
OpenJDK 64-Bit Server VM warning: Sharing is only supported for boot loader classes because bootstrap classpath has been appended

> Task :test

Category Repository Adapter Integration Tests > Should find all categories FAILED
    java.lang.IllegalStateException at DefaultCacheAwareContextLoaderDelegate.java:180
        Caused by: org.springframework.beans.factory.BeanCreationException at AbstractAutowireCapableBeanFactory.java:1812
            Caused by: org.hibernate.AnnotationException at CollectionBinder.java:2610

Category Repository Adapter Integration Tests > Should save a new category FAILED
    java.lang.IllegalStateException at DefaultCacheAwareContextLoaderDelegate.java:145

Category Repository Adapter Integration Tests > Should update existing category FAILED
    java.lang.IllegalStateException at DefaultCacheAwareContextLoaderDelegate.java:145

Category Repository Adapter Integration Tests > Should find category by ID FAILED
    java.lang.IllegalStateException at DefaultCacheAwareContextLoaderDelegate.java:145

Category Repository Adapter Integration Tests > Should delete category FAILED
    java.lang.IllegalStateException at DefaultCacheAwareContextLoaderDelegate.java:145

5 tests completed, 5 failed

> Task :test FAILED

FAILURE: Build failed with an exception.

* What went wrong:
Execution failed for task ':test'.
> There were failing tests. See the report at: file:///home/david/Desktop/personal/ecomerce-project/back/build/reports/tests/test/index.html

* Try:
> Run with --scan to generate a Build Scan (powered by Develocity).

BUILD FAILED in 12s
5 actionable tasks: 1 executed, 4 up-to-date
